#
# There is insufficient memory for the Java Runtime Environment to continue.
# Native memory allocation (malloc) failed to allocate 1048576 bytes for AllocateHeap
# Possible reasons:
#   The system is out of physical RAM or swap space
#   The process is running with CompressedOops enabled, and the Java Heap may be blocking the growth of the native heap
# Possible solutions:
#   Reduce memory load on the system
#   Increase physical memory or swap space
#   Check if swap backing store is full
#   Decrease Java heap size (-Xmx/-Xms)
#   Decrease number of Java threads
#   Decrease Java thread stack sizes (-Xss)
#   Set larger code cache with -XX:ReservedCodeCacheSize=
#   JVM is running with Unscaled Compressed Oops mode in which the Java heap is
#     placed in the first 4GB address space. The Java Heap base address is the
#     maximum limit for the native heap growth. Please use -XX:HeapBaseMinAddress
#     to set the Java Heap base and to place the Java Heap above 4GB virtual address.
# This output file may be truncated or incomplete.
#
#  Out of Memory Error (memory/allocation.inline.hpp:61), pid=20328, tid=0x000000000000d15c
#
# JRE version:  (8.0_212-b10) (build )
# Java VM: Java HotSpot(TM) 64-Bit Server VM (25.212-b10 mixed mode windows-amd64 compressed oops)
# Failed to write core dump. Minidumps are not enabled by default on client versions of Windows
#

---------------  T H R E A D  ---------------

Current thread (0x00000000026f4000):  JavaThread "Unknown thread" [_thread_in_vm, id=53596, stack(0x0000000002420000,0x0000000002520000)]

Stack: [0x0000000002420000,0x0000000002520000]
[error occurred during error reporting (printing stack bounds), id 0xc0000005]

Native frames: (J=compiled Java code, j=interpreted, Vv=VM code, C=native code)


---------------  P R O C E S S  ---------------

Java Threads: ( => current thread )

Other Threads:

=>0x00000000026f4000 (exited) JavaThread "Unknown thread" [_thread_in_vm, id=53596, stack(0x0000000002420000,0x0000000002520000)]

VM state:not at safepoint (normal execution)

VM Mutex/Monitor currently owned by a thread: None

heap address: 0x0000000082400000, size: 2012 MB, Compressed Oops mode: 32-bit
Narrow klass base: 0x0000000000000000, Narrow klass shift: 3
Compressed class space size: 1073741824 Address: 0x0000000100000000

Heap:
 PSYoungGen      total 37888K, used 655K [0x00000000d6180000, 0x00000000d8b80000, 0x0000000100000000)
  eden space 32768K, 2% used [0x00000000d6180000,0x00000000d6223d80,0x00000000d8180000)
  from space 5120K, 0% used [0x00000000d8680000,0x00000000d8680000,0x00000000d8b80000)
  to   space 5120K, 0% used [0x00000000d8180000,0x00000000d8180000,0x00000000d8680000)
 ParOldGen       total 86016K, used 0K [0x0000000082400000, 0x0000000087800000, 0x00000000d6180000)
  object space 86016K, 0% used [0x0000000082400000,0x0000000082400000,0x0000000087800000)
 Metaspace       used 775K, capacity 4480K, committed 4480K, reserved 1056768K
  class space    used 76K, capacity 384K, committed 384K, reserved 1048576K

Card table byte_map: [0x0000000011bb0000,0x0000000011fa0000] byte_map_base: 0x000000001179e000

Marking Bits: (ParMarkBitMap*) 0x000000005b025ce0
 Begin Bits: [0x0000000012c40000, 0x0000000014bb0000)
 End Bits:   [0x0000000014bb0000, 0x0000000016b20000)

Polling page: 0x0000000000b40000

CodeCache: size=245760Kb used=328Kb max_used=328Kb free=245431Kb
 bounds [0x00000000027f0000, 0x0000000002a60000, 0x00000000117f0000]
 total_blobs=58 nmethods=0 adapters=38
 compilation: enabled

Compilation events (0 events):
No events

GC Heap History (0 events):
No events

Deoptimization events (0 events):
No events

Classes redefined (0 events):
No events

Internal exceptions (0 events):
No events

Events (10 events):
Event: 0.033 loading class java/lang/Short
Event: 0.034 loading class java/lang/Short done
Event: 0.034 loading class java/lang/Integer
Event: 0.034 loading class java/lang/Integer done
Event: 0.034 loading class java/lang/Long
Event: 0.034 loading class java/lang/Long done
Event: 0.035 loading class java/lang/NullPointerException
Event: 0.035 loading class java/lang/NullPointerException done
Event: 0.035 loading class java/lang/ArithmeticException
Event: 0.035 loading class java/lang/ArithmeticException done


Dynamic libraries:
0x00007ff71cfc0000 - 0x00007ff71cff7000 	C:\Program Files\Java\jdk1.8.0_212\bin\java.exe
0x00007ff8e2d60000 - 0x00007ff8e2f50000 	C:\WINDOWS\SYSTEM32\ntdll.dll
0x00007ff8e1e00000 - 0x00007ff8e1eb2000 	C:\WINDOWS\System32\KERNEL32.DLL
0x00007ff8e07a0000 - 0x00007ff8e0a43000 	C:\WINDOWS\System32\KERNELBASE.dll
0x00007ff8e2550000 - 0x00007ff8e25f3000 	C:\WINDOWS\System32\ADVAPI32.dll
0x00007ff8e2040000 - 0x00007ff8e20de000 	C:\WINDOWS\System32\msvcrt.dll
0x00007ff8e1d60000 - 0x00007ff8e1df7000 	C:\WINDOWS\System32\sechost.dll
0x00007ff8e1460000 - 0x00007ff8e1580000 	C:\WINDOWS\System32\RPCRT4.dll
0x00007ff8e1ba0000 - 0x00007ff8e1d34000 	C:\WINDOWS\System32\USER32.dll
0x00007ff8e06a0000 - 0x00007ff8e06c1000 	C:\WINDOWS\System32\win32u.dll
0x00007ff8e0e10000 - 0x00007ff8e0e36000 	C:\WINDOWS\System32\GDI32.dll
0x00007ff8e0a50000 - 0x00007ff8e0be4000 	C:\WINDOWS\System32\gdi32full.dll
0x00007ff8e0d40000 - 0x00007ff8e0dde000 	C:\WINDOWS\System32\msvcp_win.dll
0x00007ff8e04d0000 - 0x00007ff8e05ca000 	C:\WINDOWS\System32\ucrtbase.dll
0x00007ff8cf140000 - 0x00007ff8cf3c5000 	C:\WINDOWS\WinSxS\amd64_microsoft.windows.common-controls_6595b64144ccf1df_6.0.18362.592_none_e6c0b1911312be02\COMCTL32.dll
0x00007ff8e2210000 - 0x00007ff8e2546000 	C:\WINDOWS\System32\combase.dll
0x00007ff8e0620000 - 0x00007ff8e06a0000 	C:\WINDOWS\System32\bcryptPrimitives.dll
0x00007ff8e2600000 - 0x00007ff8e262e000 	C:\WINDOWS\System32\IMM32.DLL
0x000000005b0b0000 - 0x000000005b182000 	C:\Program Files\Java\jdk1.8.0_212\jre\bin\msvcr100.dll
0x000000005a800000 - 0x000000005b0a5000 	C:\Program Files\Java\jdk1.8.0_212\jre\bin\server\jvm.dll
0x00007ff8e1ec0000 - 0x00007ff8e1ec8000 	C:\WINDOWS\System32\PSAPI.DLL
0x00007ff8dcf30000 - 0x00007ff8dcf54000 	C:\WINDOWS\SYSTEM32\WINMM.dll
0x00007ff8d2c20000 - 0x00007ff8d2c29000 	C:\WINDOWS\SYSTEM32\WSOCK32.dll
0x00007ff8d4f50000 - 0x00007ff8d4f5a000 	C:\WINDOWS\SYSTEM32\VERSION.dll
0x00007ff8e1580000 - 0x00007ff8e15ef000 	C:\WINDOWS\System32\WS2_32.dll
0x00007ff8dd2e0000 - 0x00007ff8dd30d000 	C:\WINDOWS\SYSTEM32\WINMMBASE.dll
0x00007ff8e05d0000 - 0x00007ff8e061a000 	C:\WINDOWS\System32\cfgmgr32.dll
0x00007ff8dd120000 - 0x00007ff8dd12f000 	C:\Program Files\Java\jdk1.8.0_212\jre\bin\verify.dll
0x00007ff8d2050000 - 0x00007ff8d2079000 	C:\Program Files\Java\jdk1.8.0_212\jre\bin\java.dll
0x00007ff8d1490000 - 0x00007ff8d14b3000 	C:\Program Files\Java\jdk1.8.0_212\jre\bin\instrument.dll
0x00007ff8d21d0000 - 0x00007ff8d21e6000 	C:\Program Files\Java\jdk1.8.0_212\jre\bin\zip.dll

VM Arguments:
jvm_args: -javaagent:C:\Users\PRINCE_REX\AppData\Local\JetBrains\Toolbox\apps\IDEA-U\ch-0\193.6015.39\lib\idea_rt.jar=50061:C:\Users\PRINCE_REX\AppData\Local\JetBrains\Toolbox\apps\IDEA-U\ch-0\193.6015.39\bin -Dfile.encoding=UTF-8 
java_command: Main
java_class_path (initial): C:\Program Files\Java\jdk1.8.0_212\jre\lib\charsets.jar;C:\Program Files\Java\jdk1.8.0_212\jre\lib\deploy.jar;C:\Program Files\Java\jdk1.8.0_212\jre\lib\ext\access-bridge-64.jar;C:\Program Files\Java\jdk1.8.0_212\jre\lib\ext\cldrdata.jar;C:\Program Files\Java\jdk1.8.0_212\jre\lib\ext\dnsns.jar;C:\Program Files\Java\jdk1.8.0_212\jre\lib\ext\jaccess.jar;C:\Program Files\Java\jdk1.8.0_212\jre\lib\ext\jfxrt.jar;C:\Program Files\Java\jdk1.8.0_212\jre\lib\ext\localedata.jar;C:\Program Files\Java\jdk1.8.0_212\jre\lib\ext\nashorn.jar;C:\Program Files\Java\jdk1.8.0_212\jre\lib\ext\sunec.jar;C:\Program Files\Java\jdk1.8.0_212\jre\lib\ext\sunjce_provider.jar;C:\Program Files\Java\jdk1.8.0_212\jre\lib\ext\sunmscapi.jar;C:\Program Files\Java\jdk1.8.0_212\jre\lib\ext\sunpkcs11.jar;C:\Program Files\Java\jdk1.8.0_212\jre\lib\ext\zipfs.jar;C:\Program Files\Java\jdk1.8.0_212\jre\lib\javaws.jar;C:\Program Files\Java\jdk1.8.0_212\jre\lib\jce.jar;C:\Program Files\Java\jdk1.8.0_212\jre\lib\jfr.jar;C:\Program Files\Java\jdk1.8.0_212\jre\lib\jfxswt.jar;C:\Program Files\Java\jdk1.8.0_212\jre\lib\jsse.jar;C:\Program Files\Java\jdk1.8.0_212\jre\lib\management-agent.jar;C:\Program Files\Java\jdk1.8.0_212\jre\lib\plugin.jar;C:\Program Files\Java\jdk1.8.0_212\jre\lib\resources.jar;C:\Program Files\Java\jdk1.8.0_212\jre\lib\rt.jar;C:\Users\PRINCE_REX\Desktop\SOFTWARE PROJECT\OnlineTicketReservationSystem\out\production\OnlineTicketReservationSystem;C:\Users\PRINCE_REX\Downloads\json-simple-1.1.1.jar;C:\Users\PRINCE_REX\Downloads\Compressed\openjfx-11.0.2_windows-x64_bin-sdk\javafx-sdk-11.0.2\lib\src.zip;C:\Users\PRINCE_REX\Downloads\Compressed\openjfx-11.0.2_windows-x64_bin-sdk\javafx-sdk-11.0.2\lib\javafx-swt.jar;C:\Users\PRINCE_REX\Downloads\Compressed\openjfx-11.0.2_windows-x64_bin-sdk\javafx-sdk-11.0.2\lib\javafx.web.jar;C:\Users\PRINCE_REX\Downloads\Compressed\openjfx-11.0.2_windows-x64_bin-sdk\javafx-sdk-11.0.2\lib\javafx.base.jar;C:\Users\PRINCE_REX\Downloads\C
Launcher Type: SUN_STANDARD

Environment Variables:
PATH=C:\Program Files\Microsoft MPI\Bin\;C:\Program Files (x86)\Common Files\Oracle\Java\javapath;C:\Windows\system32;C:\Windows;C:\Windows\System32\Wbem;C:\Windows\System32\WindowsPowerShell\v1.0\;C:\Windows\System32\OpenSSH\;C:\Program Files (x86)\NVIDIA Corporation\PhysX\Common;C:\Program Files\Intel\WiFi\bin\;C:\Program Files\Common Files\Intel\WirelessCommon\;C:\Program Files\NVIDIA Corporation\NVIDIA NvDLISR;C:\WINDOWS\system32;C:\WINDOWS;C:\WINDOWS\System32\Wbem;C:\WINDOWS\System32\WindowsPowerShell\v1.0\;C:\WINDOWS\System32\OpenSSH\;C:\omnetpp-5.5.1-src-windows;C:\omnetpp-5.5.1-src-windows\omnetpp-5.5.1\ide\jre\bin;C:\Program Files\Microsoft SQL Server\Client SDK\ODBC\170\Tools\Binn\;C:\Program Files (x86)\Microsoft SQL Server\150\Tools\Binn\;C:\Program Files\Microsoft SQL Server\150\Tools\Binn\;C:\Program Files\Microsoft SQL Server\150\DTS\Binn\;C:\Program Files (x86)\Microsoft SQL Server\150\DTS\Binn\;C:\Program Files\Polyspace\R2019a\runtime\win64;C:\Program Files\Polyspace\R2019a\bin;C:\Program Files\Polyspace\R2019a\polyspace\bin;C:\Users\PRINCE_REX\AppData\Local\Microsoft\WindowsApps;;C:\Modeltech_pe_edu_10.4a\win32pe_edu
USERNAME=PRINCE_REX
OS=Windows_NT
PROCESSOR_IDENTIFIER=Intel64 Family 6 Model 158 Stepping 10, GenuineIntel



---------------  S Y S T E M  ---------------

OS: Windows 10.0 , 64 bit Build 18362 (10.0.18362.329)

CPU:total 12 (initial active 12) (6 cores per cpu, 2 threads per core) family 6 model 158 stepping 10, cmov, cx8, fxsr, mmx, sse, sse2, sse3, ssse3, sse4.1, sse4.2, popcnt, avx, avx2, aes, clmul, erms, 3dnowpref, lzcnt, ht, tsc, tscinvbit, bmi1, bmi2, adx

Memory: 4k page, physical 8236240k(747600k free), swap 29426896k(5532k free)

vm_info: Java HotSpot(TM) 64-Bit Server VM (25.212-b10) for windows-amd64 JRE (1.8.0_212-b10), built on Apr  1 2019 22:50:23 by "java_re" with MS VC++ 10.0 (VS2010)

time: Thu Jan 30 07:49:56 2020
timezone: Sri Lanka Standard Time
elapsed time: 0 seconds (0d 0h 0m 0s)

